SF:lib/symmetric/caesar.dart
DA:10,1
DA:11,1
DA:18,1
DA:20,1
DA:24,3
DA:25,3
DA:26,1
DA:28,2
DA:29,1
DA:30,2
DA:37,1
DA:41,3
DA:42,3
DA:43,1
DA:45,2
DA:46,1
DA:47,2
LF:17
LH:17
end_of_record
SF:lib/symmetric/playfair.dart
DA:11,1
DA:12,1
DA:19,1
DA:20,3
DA:22,1
DA:24,1
DA:27,1
DA:28,1
DA:30,3
DA:31,4
DA:32,2
DA:33,4
DA:37,2
DA:38,1
DA:40,1
DA:41,3
DA:42,1
DA:47,3
DA:48,3
DA:54,1
DA:56,1
DA:58,1
DA:61,3
DA:62,1
DA:65,2
DA:66,1
DA:70,2
DA:76,1
DA:78,1
DA:80,1
DA:83,3
DA:84,1
DA:87,2
DA:88,1
DA:92,2
DA:98,1
DA:100,3
DA:102,1
DA:109,2
DA:110,4
DA:112,4
DA:113,4
DA:115,6
DA:118,2
DA:120,2
DA:122,2
DA:124,2
DA:130,1
DA:131,5
DA:132,5
DA:135,3
DA:136,3
LF:52
LH:52
end_of_record
